Log file open, 04/15/15 23:32:58
LogInit:Display: Running engine for game: TimeCrysisVR
LogInit: Version: 4.7.4-2497108+++depot+UE4-Releases+4.7
LogInit: API Version: 2455222
LogInit: Compiled (64-bit): Mar 31 2015 09:40:25
LogInit: Compiled with Visual C++: 18.00.21005.01
LogInit: Build Configuration: Development
LogInit: Branch Name: ++depot+UE4-Releases+4.7
LogInit: Command line: 
LogInit: Base directory: F:/Program Files/Epic Games/4.7/Engine/Binaries/Win64/
LogInit: Rocket: 1
[2015.04.16-06.32.58:277][  0]LogTaskGraph: Started task graph with 3 named threads and 4 total threads.
[2015.04.16-06.32.58:327][  0]LogOnline:Warning: No default platform service specified for OnlineSubsystem
[2015.04.16-06.32.58:357][  0]LogInit: Presizing for 0 objects not considered by GC, pre-allocating 0 bytes.
[2015.04.16-06.32.58:389][  0]LogInit: Object subsystem initialized
[2015.04.16-06.32.58:394][  0]LogConsoleResponse:Warning: Skipping Unknown console variable: 'TranslucentSortAxis = (X=0.000000,Y=-1.000000,Z=0.000000)'
[2015.04.16-06.32.58:394][  0]LogConsoleResponse:Warning:   Found in ini file 'F:/Unreal Projects/TimeCrysisVR/Saved/Config/Windows/Engine.ini', in section '[/Script/Engine.RendererSettings]'
[2015.04.16-06.32.58:394][  0]LogConsoleResponse:Warning: Skipping Unknown console variable: 'UIScaleRule = ShortestSide'
[2015.04.16-06.32.58:394][  0]LogConsoleResponse:Warning:   Found in ini file 'F:/Unreal Projects/TimeCrysisVR/Saved/Config/Windows/Engine.ini', in section '[/Script/Engine.RendererSettings]'
[2015.04.16-06.32.58:394][  0]LogConsoleResponse:Warning: Skipping Unknown console variable: 'UIScaleCurve = (EditorCurveData=(Keys=),ExternalCurve=None)'
[2015.04.16-06.32.58:394][  0]LogConsoleResponse:Warning:   Found in ini file 'F:/Unreal Projects/TimeCrysisVR/Saved/Config/Windows/Engine.ini', in section '[/Script/Engine.RendererSettings]'
[2015.04.16-06.32.58:395][  0]LogInit: Selected Device Profile: [Windows]
[2015.04.16-06.32.58:395][  0]LogInit: Applying CVar settings loaded from the selected device profile: [Windows]
[2015.04.16-06.32.58:413][  0]LogInit: Computer: DANKCHRIS
[2015.04.16-06.32.58:413][  0]LogInit: User: chris
[2015.04.16-06.32.58:413][  0]LogInit: CPU Page size=4096, Cores=2
[2015.04.16-06.32.58:413][  0]LogInit: High frequency timer resolution =1.656396 MHz
[2015.04.16-06.32.58:414][  0]LogMemory: Memory total: Physical=7.9GB (8GB approx) Virtual=131072.0GB
[2015.04.16-06.32.58:415][  0]LogMemory: Platform Memory Stats for Windows
[2015.04.16-06.32.58:415][  0]LogMemory: Process Physical Memory: 45.79 MB used, 45.79 MB peak
[2015.04.16-06.32.58:415][  0]LogMemory: Process Virtual Memory: 26.34 MB used, 26.34 MB peak
[2015.04.16-06.32.58:415][  0]LogMemory: Physical Memory: 3840.63 MB used, 8071.27 MB total
[2015.04.16-06.32.58:415][  0]LogMemory: Virtual Memory: 287.99 MB used, 134217728.00 MB total
[2015.04.16-06.32.58:446][  0]LogD3D11RHI: Found D3D11 adapter 0: Intel(R) HD Graphics 4000 (Feature Level 11_0)
[2015.04.16-06.32.58:446][  0]LogD3D11RHI: Adapter has 32MB of dedicated video memory, 0MB of dedicated system memory, and 1760MB of shared system memory, 1 output[s]
[2015.04.16-06.32.58:448][  0]LogD3D11RHI: Found D3D11 adapter 1: Microsoft Basic Render Driver (Feature Level 11_0)
[2015.04.16-06.32.58:448][  0]LogD3D11RHI: Adapter has 0MB of dedicated video memory, 0MB of dedicated system memory, and 256MB of shared system memory, 0 output[s]
[2015.04.16-06.32.58:448][  0]LogD3D11RHI: Chosen D3D11 Adapter Id = 0
[2015.04.16-06.32.58:459][  0]LogRHI: Texture pool is 638 MB (70% of 912 MB)
[2015.04.16-06.32.58:465][  0]LogD3D11RHI: Async texture creation enabled
[2015.04.16-06.32.58:547][  0]LogTextLocalizationManager: The requested culture ('en_US') has no localization data; parent culture's ('en') localization data will be used.
[2015.04.16-06.32.58:713][  0]LogTextLocalizationManager:Warning: Loading localization resources contain conflicting entries for (Namespace:UICommands, Key:Save_ToolTip):
Resource: (F:/Program Files/Epic Games/4.7/Engine/Content/Localization/Editor/en/Editor.locres) Hash: (-29098895) String: (Saves the current level to disk)
Resource: (F:/Program Files/Epic Games/4.7/Engine/Content/Localization/Engine/en/Engine.locres) Hash: (-1280300587) String: (Save selected data to vlog file)
[2015.04.16-06.32.58:713][  0]LogTextLocalizationManager:Warning: Loading localization resources contain conflicting entries for (Namespace:ContentBrowser, Key:ImportAssetToolTip):
Resource: (F:/Program Files/Epic Games/4.7/Engine/Content/Localization/Editor/en/Editor.locres) Hash: (-630476809) String: (Import to {0}...)
Resource: (F:/Program Files/Epic Games/4.7/Engine/Content/Localization/Editor/en/Editor.locres) Hash: (1271782899) String: (Imports an asset from file to this folder.)
[2015.04.16-06.32.58:958][  0]LogContentStreaming: Texture pool size is 0.000000MB
[2015.04.16-06.33.08:897][  0]LogTargetPlatformManager:Display: Building Assets For Windows
[2015.04.16-06.33.10:825][  0]LogTargetPlatformManager:Display: Building Assets For Windows
[2015.04.16-06.33.10:972][  0]LogDerivedDataCache:Display: Max Cache Size: 512 MB
[2015.04.16-06.33.11:112][  0]LogDerivedDataCache: Loaded boot cache 0.14s 39MB C:/Users/chris/AppData/Local/UnrealEngine/4.7/DerivedDataCache/Boot.ddc.
[2015.04.16-06.33.11:112][  0]LogDerivedDataCache:Display: Loaded Boot cache: C:/Users/chris/AppData/Local/UnrealEngine/4.7/DerivedDataCache/Boot.ddc
[2015.04.16-06.33.11:112][  0]LogDerivedDataCache: FDerivedDataBackendGraph:  Pak pak cache file ../../../../../../Unreal Projects/TimeCrysisVR/DerivedDataCache/DDC.ddp not found, will not use a pak cache.
[2015.04.16-06.33.11:112][  0]LogDerivedDataCache: Unable to find inner node Pak for hierarchical cache Hierarchy.
[2015.04.16-06.33.11:453][  0]LogDerivedDataCache:Display: Pak cache opened for reading ../../../Engine/DerivedDataCache/Compressed.ddp.
[2015.04.16-06.33.11:466][  0]LogDerivedDataCache: Using Local data cache path C:/Users/chris/AppData/Local/UnrealEngine/Common/DerivedDataCache: Writable
[2015.04.16-06.33.12:389][  0]LogMeshUtilities: No automatic mesh reduction module available
[2015.04.16-06.33.12:389][  0]LogMeshUtilities: No automatic mesh merging module available
[2015.04.16-06.33.13:487][  0]LogInit: WinSock: version 1.1 (2.2), MaxSocks=32767, MaxUdp=65467
[2015.04.16-06.33.13:671][  0]LogSlate:Warning: Failed to load font data from '../../../Engine/Content/Slate/Fonts/Roboto-Italic.ttf'
[2015.04.16-06.33.15:863][  0]UdpMessaging: Initializing bridge on interface 0.0.0.0:0 to multicast group 230.0.0.1:6666.
[2015.04.16-06.33.16:290][  0]SourceControl: Info Source control is disabled
[2015.04.16-06.33.16:290][  0]SourceControl: Info Source control is disabled
[2015.04.16-06.33.16:290][  0]SourceControl: Info Source control is disabled
[2015.04.16-06.33.16:312][  0]SourceControl: Info Source control is disabled
[2015.04.16-06.33.16:842][  0]LogObj: 24232 objects as part of root set at end of initial load.
[2015.04.16-06.33.16:843][  0]LogUObjectAllocator: 5137168 out of 0 bytes used by permanent object pool.
[2015.04.16-06.33.17:047][  0]LogEngine: Initializing Engine...
[2015.04.16-06.33.19:505][  0]LogInit: XAudio2 using 'Speakers (Conexant SmartAudio HD)' : 2 channels at 48 kHz using 32 bits per sample (channel mask 0x3)
[2015.04.16-06.33.19:572][  0]LogInit: FAudioDevice initialized.
[2015.04.16-06.33.19:670][  0]LogAIModule: Creating AISystem for world NewWorld
[2015.04.16-06.33.19:728][  0]LogDerivedDataCache: Saved boot cache 0.06s 39MB C:/Users/chris/AppData/Local/UnrealEngine/4.7/DerivedDataCache/Boot.ddc.
[2015.04.16-06.33.19:739][  0]LogInit: Texture streaming: Enabled
[2015.04.16-06.33.20:107][  0]LogAnalytics: Creating configured Analytics provider AnalyticsET
[2015.04.16-06.33.20:107][  0]LogAnalytics: ET APIKey = Rocket.Release. APIServer = http://et2.epicgames.com/ET2/. AppVersion = 4.7.4-2497108+++depot+UE4-Releases+4.7
[2015.04.16-06.33.20:107][  0]LogAnalytics: ET APIKey = Rocket.Release. DataRouterUploadURL = https://datarouter-public-service-gamedev.ol.epicgame