Log file open, 04/15/15 20:32:04
LogInit:Display: Running engine for game: TimeCrysisVR
LogInit: Version: 4.7.4-2497108+++depot+UE4-Releases+4.7
LogInit: API Version: 2455222
LogInit: Compiled (64-bit): Mar 31 2015 09:40:25
LogInit: Compiled with Visual C++: 18.00.21005.01
LogInit: Build Configuration: Development
LogInit: Branch Name: ++depot+UE4-Releases+4.7
LogInit: Command line: 
LogInit: Base directory: F:/Program Files/Epic Games/4.7/Engine/Binaries/Win64/
LogInit: Rocket: 1
[2015.04.16-03.32.04:546][  0]LogTaskGraph: Started task graph with 3 named threads and 4 total threads.
[2015.04.16-03.32.04:604][  0]LogOnline:Warning: No default platform service specified for OnlineSubsystem
[2015.04.16-03.32.04:634][  0]LogInit: Presizing for 0 objects not considered by GC, pre-allocating 0 bytes.
[2015.04.16-03.32.04:661][  0]LogInit: Object subsystem initialized
[2015.04.16-03.32.04:665][  0]LogConsoleResponse:Warning: Skipping Unknown console variable: 'TranslucentSortAxis = (X=0.000000,Y=-1.000000,Z=0.000000)'
[2015.04.16-03.32.04:665][  0]LogConsoleResponse:Warning:   Found in ini file 'F:/Unreal Projects/TimeCrysisVR/Saved/Config/Windows/Engine.ini', in section '[/Script/Engine.RendererSettings]'
[2015.04.16-03.32.04:665][  0]LogConsoleResponse:Warning: Skipping Unknown console variable: 'UIScaleRule = ShortestSide'
[2015.04.16-03.32.04:666][  0]LogConsoleResponse:Warning:   Found in ini file 'F:/Unreal Projects/TimeCrysisVR/Saved/Config/Windows/Engine.ini', in section '[/Script/Engine.RendererSettings]'
[2015.04.16-03.32.04:666][  0]LogConsoleResponse:Warning: Skipping Unknown console variable: 'UIScaleCurve = (EditorCurveData=(Keys=),ExternalCurve=None)'
[2015.04.16-03.32.04:666][  0]LogConsoleResponse:Warning:   Found in ini file 'F:/Unreal Projects/TimeCrysisVR/Saved/Config/Windows/Engine.ini', in section '[/Script/Engine.RendererSettings]'
[2015.04.16-03.32.04:667][  0]LogInit: Selected Device Profile: [Windows]
[2015.04.16-03.32.04:667][  0]LogInit: Applying CVar settings loaded from the selected device profile: [Windows]
[2015.04.16-03.32.04:681][  0]LogInit: Computer: DANKCHRIS
[2015.04.16-03.32.04:681][  0]LogInit: User: chris
[2015.04.16-03.32.04:681][  0]LogInit: CPU Page size=4096, Cores=2
[2015.04.16-03.32.04:681][  0]LogInit: High frequency timer resolution =1.656396 MHz
[2015.04.16-03.32.04:681][  0]LogMemory: Memory total: Physical=7.9GB (8GB approx) Virtual=131072.0GB
[2015.04.16-03.32.04:682][  0]LogMemory: Platform Memory Stats for Windows
[2015.04.16-03.32.04:682][  0]LogMemory: Process Physical Memory: 45.81 MB used, 45.81 MB peak
[2015.04.16-03.32.04:682][  0]LogMemory: Process Virtual Memory: 26.30 MB used, 26.30 MB peak
[2015.04.16-03.32.04:682][  0]LogMemory: Physical Memory: 2451.87 MB used, 8071.27 MB total
[2015.04.16-03.32.04:682][  0]LogMemory: Virtual Memory: 287.99 MB used, 134217728.00 MB total
[2015.04.16-03.32.04:706][  0]LogD3D11RHI: Found D3D11 adapter 0: Intel(R) HD Graphics 4000 (Feature Level 11_0)
[2015.04.16-03.32.04:706][  0]LogD3D11RHI: Adapter has 32MB of dedicated video memory, 0MB of dedicated system memory, and 1760MB of shared system memory, 1 output[s]
[2015.04.16-03.32.04:708][  0]LogD3D11RHI: Found D3D11 adapter 1: Microsoft Basic Render Driver (Feature Level 11_0)
[2015.04.16-03.32.04:708][  0]LogD3D11RHI: Adapter has 0MB of dedicated video memory, 0MB of dedicated system memory, and 256MB of shared system memory, 0 output[s]
[2015.04.16-03.32.04:708][  0]LogD3D11RHI: Chosen D3D11 Adapter Id = 0
[2015.04.16-03.32.04:719][  0]LogRHI: Texture pool is 638 MB (70% of 912 MB)
[2015.04.16-03.32.04:728][  0]LogD3D11RHI: Async texture creation enabled
[2015.04.16-03.32.04:810][  0]LogTextLocalizationManager: The requested culture ('en_US') has no localization data; parent culture's ('en') localization data will be used.
[2015.04.16-03.32.04:967][  0]LogTextLocalizationManager:Warning: Loading localization resources contain conflicting entries for (Namespace:UICommands, Key:Save_ToolTip):
Resource: (F:/Program Files/Epic Games/4.7/Engine/Content/Localization/Editor/en/Editor.locres) Hash: (-29098895) String: (Saves the current level to disk)
Resource: (F:/Program Files/Epic Games/4.7/Engine/Content/Localization/Engine/en/Engine.locres) Hash: (-1280300587) String: (Save selected data to vlog file)
[2015.04.16-03.32.04:967][  0]LogTextLocalizationManager:Warning: Loading localization resources contain conflicting entries for (Namespace:ContentBrowser, Key:ImportAssetToolTip):
Resource: (F:/Program Files/Epic Games/4.7/Engine/Content/Localization/Editor/en/Editor.locres) Hash: (-630476809) String: (Import to {0}...)
Resource: (F:/Program Files/Epic Games/4.7/Engine/Content/Localization/Editor/en/Editor.locres) Hash: (1271782899) String: (Imports an asset from file to this folder.)
[2015.04.16-03.32.05:172][  0]LogContentStreaming: Texture pool size is 0.000000MB
[2015.04.16-03.32.13:483][  0]LogTargetPlatformManager:Display: Building Assets For Windows
[2015.04.16-03.32.16:411][  0]LogTargetPlatformManager:Display: Building Assets For Windows
[2015.04.16-03.32.16:753][  0]LogDerivedDataCache:Display: Max Cache Size: 512 MB
[2015.04.16-03.32.16:864][  0]LogDerivedDataCache: Loaded boot cache 0.11s 39MB C:/Users/chris/AppData/Local/UnrealEngine/4.7/DerivedDataCache/Boot.ddc.
[2015.04.16-03.32.16:864][  0]LogDerivedDataCache:Display: Loaded Boot cache: C:/Users/chris/AppData/Local/UnrealEngine/4.7/DerivedDataCache/Boot.ddc
[2015.04.16-03.32.16:864][  0]LogDerivedDataCache: FDerivedDataBackendGraph:  Pak pak cache file ../../../../../../Unreal Projects/TimeCrysisVR/DerivedDataCache/DDC.ddp not found, will not use a pak cache.
[2015.04.16-03.32.16:864][  0]LogDerivedDataCache: Unable to find inner node Pak for hierarchical cache Hierarchy.
[2015.04.16-03.32.17:515][  0]LogDerivedDataCache:Display: Pak cache opened for reading ../../../Engine/DerivedDataCache/Compressed.ddp.
[2015.04.16-03.32.17:529][  0]LogDerivedDataCache: Using Local data cache path C:/Users/chris/AppData/Local/UnrealEngine/Common/DerivedDataCache: Writable
[2015.04.16-03.32.19:055][  0]LogMeshUtilities: No automatic mesh reduction module available
[2015.04.16-03.32.19:055][  0]LogMeshUtilities: No automatic mesh merging module available
[2015.04.16-03.32.20:621][  0]LogInit: WinSock: version 1.1 (2.2), MaxSocks=32767, MaxUdp=65467
[2015.04.16-03.32.20:883][  0]LogSlate:Warning: Failed to load font data from '../../../Engine/Content/Slate/Fonts/Roboto-Italic.ttf'
[2015.04.16-03.32.24:864][  0]UdpMessaging: Initializing bridge on interface 0.0.0.0:0 to multicast group 230.0.0.1:6666.
[2015.04.16-03.32.25:781][  0]SourceControl: Info Source control is disabled
[2015.04.16-03.32.25:781][  0]SourceControl: Info Source control is disabled
[2015.04.16-03.32.25:781][  0]SourceControl: Info Source control is disabled
[2015.04.16-03.32.25:808][  0]SourceControl: Info Source control is disabled
[2015.04.16-03.32.26:462][  0]LogObj: 24232 objects as part of root set at end of initial load.
[2015.04.16-03.32.26:462][  0]LogUObjectAllocator: 5137176 out of 0 bytes used by permanent object pool.
[2015.04.16-03.32.26:928][  0]LogEngine: Initializing Engine...
[2015.04.16-03.32.29:842][  0]LogInit: XAudio2 using 'Speakers (Conexant SmartAudio HD)' : 2 channels at 48 kHz using 32 bits per sample (channel mask 0x3)
[2015.04.16-03.32.29:922][  0]LogInit: FAudioDevice initialized.
[2015.04.16-03.32.30:040][  0]LogAIModule: Creating AISystem for world NewWorld
[2015.04.16-03.32.30:102][  0]LogDerivedDataCache: Saved boot cache 0.06s 39MB C:/Users/chris/AppData/Local/UnrealEngine/4.7/DerivedDataCache/Boot.ddc.
[2015.04.16-03.32.30:120][  0]LogInit: Texture streaming: Enabled
[2015.04.16-03.32.31:073][  0]LogAnalytics: Creating configured Analytics provider AnalyticsET
[2015.04.16-03.32.31:073][  0]LogAnalytics: ET APIKey = Rocket.Release. APIServer = http://et2.epicgames.com/ET2/. AppVersion = 4.7.4-2497108+++depot+UE4-Releases+4.7
[2015.04.16-03.32.31:073][  0]LogAnalytics: ET APIKey = Rocket.Release. DataRouterUploadURL = https://datarouter-public-service-gamedev.ol.epicgames.net/datarouter/api/v1/public/data. AppVersion = 4.7.4-2497108+++depot+UE4-Releases+4.7
[2015.04.16-03.32.31:074][  0]LogAnalytics: SetUserId 16e481514d06e0b2f65fcea48bea3120|d45eace533254a4ab71650214ae62973|9ceeb2cb-a8f9-432b-9cfd-d6da50ea3a25
[2015.04.16-03.32.31:074][  0]LogAnalytics: AnalyticsET::StartSession [Rocket.Release]
[2015.04.16-03.32.31:200][  0]LogInit: Transaction tracking system initialized
[2015.04.16-03.32.32:520][  0]BlueprintLog: New page: Editor Load
[2015.04.16-03.32.32:786][  0]LogAssetRegistry: FAssetRegistry took 0.0168 seconds to start up
[2015.04.16-03.32.32:787][  0]LogDirectoryWatcher:Warning: Failed to begin reading directory changes for ../../../Engine/Plugins/Experimental/CharacterAI/Content/. Error: 0
[2015.04.16-03.32.35:421][  0]LogTargetPlatformManager:Display: Building Assets For Windows
[2015.04.16-03.32.37:386][  0]LogTargetPlatformManager:Display: Building Assets For Windows
[2015.04.16-03.32.38:184][  0]LogSlate:Warning: Failed to load font data from '../../../Engine/Content/Editor/Slate/Fonts/Roboto-Regular.ttf'
[2015.04.16-03.32.38:185][  0]LogSlate:Warning: Failed to load font data from '../../../Engine/Content/Editor/Slate/Fonts/Roboto-Bold.ttf'
[2015.04.16-03.32.38:331][  0]LogConsoleResponse:Display: 
[2015.04.16-03.32.38:869][  0]LogCook:Display: Done creating registry. It took  0.00s.
[2015.04.16-03.32.39:270][  0]SourceControl: Info Source control is disabled
[2015.04.16-03.32.39:270][  0]Cmd: MAP LOAD FILE="../../../../../../Unreal Projects/TimeCrysisVR/Content/FirstPersonBP/Maps/FirstPersonExampleMap.umap" TEMPLATE=0 SHOWPROGRESS=1 FEATURELEVEL=3
[2015.04.16-03.32.39:271][  0]LightingResults: New page: Lighting Build
[2015.04.16-03.32.39:297][  0]MapCheck: New page: Map Check
[2015.04.16-03.32.39:297][  0]LightingResults: New page: Lighting Build
[2015.04.16-03.32.39:340][  0]LogParticles: Destroying 0 GPU particle simulations for FXSystem 0x00000081AFA8E980
[2015.04.16-03.32.39:363][  0]LogLinker:Warning: Asset '../../../Engine/Content/EngineMeshes/Humanoid.uasset' has been saved with empty engine version. The asset will be loaded but may be incompatible.
[2015.04.16-03.32.44:246][  0]LogEditorServer: Finished looking for orphan Actors (0.000 secs)
[2015.04.16-03.32.46:938][  0]LogAIModule: Creating AISystem for world FirstPersonExampleMap
[2015.04.16-03.32.46:944][  0]Cmd: MAP CHECKDEP
[2015.04.16-03.32.46:944][  0]MapCheck: New page: FirstPersonExampleMap - Apr 15, 2015, 1:32:46 PM
[2015.04.16-03.32.47:245][  0]MapCheck: Info Map check complete: 0 Error(s), 0 Warning(s), took 300.984ms to complete.
[2015.04.16-03.32.47:245][  0]LogFileHelpers: Loading map 'FirstPersonExampleMap' took 7.976
[2015.04.16-03.32.47:590][  0]LogCollectionManager: Loaded 0 collections in 0.002904 seconds
[2015.04.16-03.32.47:616][  0]LogContentBrowser: Native class hierarchy populated in 0.0254 seconds. Added 1696 classes and 261 folders.
[2015.04.16-03.32.47:688][  0]LogContentBrowser: Native class hierarchy updated for 'SceneOutliner' in 0.0039 seconds. Added 1 classes and 2 folders.
[2015.04.16-03.32.47:814][  0]LogCrashTracker: Crashtracker disabled due to settings.
[2015.04.16-03.32.47:816][  0]LogSlate:Warning: Failed to load font data from 'Veranda'
[2015.04.16-03.32.47:852][  0]LogUObjectGlobals:Warning: Failed to find object 'Class None.'
[2015.04.16-03.32.47:892][  0]LogLoad: Full Startup: 45.98 seconds (BP compile: 2.03 seconds)
[2015.04.16-03.32.48:341][  1]LogContentBrowser:Verbose: The content browser source was changed by the sources view to '/Game/FirstPersonBP'
[2015.04.16-03.32.48:451][  1]LogRenderer:Warning: Reallocating scene render targets to support 456x328 (Frame:2).
[2015.04.16-03.32.50:094][ 17]LogAssetRegistry: Asset discovery search completed in 17.3258 seconds
[2015.04.16-03.32.58:132][375]Cmd: QUIT_EDITOR
[2015.04.16-03.32.59:134][375]LogExit: Preparing to exit.
[2015.04.16-03.32.59:990][375]LogExit: Editor shut down
[2015.04.16-03.32.59:992][375]LogExit: Transaction tracking system shut down
[2015.04.16-03.32.59:995][375]LogParticles: Destroying 0 GPU particle simulations for FXSystem 0x00000081B83E56C0
[2015.04.16-03.32.59:997][375]LogParticles: Destroying 0 GPU particle simulations for FXSystem 0x00000081B66C74C0
[2015.04.16-03.32.59:998][375]LogParticles: Destroying 0 GPU particle simulations for FXSystem 0x00000081C4596D40
[2015.04.16-03.33.00:331][375]LogExit: Object subsystem successfully closed.
[2015.04.16-03.33.00:444][375]LogModuleManager: Shutting down and abandoning module CrashTracker (177)
[2015.04.16-03.33.00:444][375]LogModuleManager: Shutting down and abandoning module SuperSearch (176)
[2015.04.16-03.33.00:444][375]LogModuleManager: Shutting down and abandoning module SceneOutliner (175)
[2015.04.16-03.33.00:444][375]LogModuleManager: Shutting down and abandoning module EditorWidgets (174)
[2015.04.16-03.33.00:444][375]LogModuleManager: Shutting down and abandoning module CollectionManager (173)
[2015.04.16-03.33.00:444][375]LogModuleManager: Shutting down and abandoning module StatsViewer (172)
[2015.04.16-03.33.00:444][375]LogModuleManager: Shutting down and abandoning module FoliageEdit (171)
[2015.04.16-03.33.00:444][375]LogModuleManager: Shutting down and abandoning module LandscapeEditor (170)
[2015.04.16-03.33.00:445][375]LogModuleManager: Shutting down and abandoning module MeshPaint (169)
[2015.04.16-03.33.00:445][375]LogModuleManager: Shutting down and abandoning module ActorPickerMode (168)
[2015.04.16-03.33.00:445][375]LogModuleManager: Shutting down and abandoning module GeometryMode (167)
[2015.04.16-03.33.00:445][375]LogModuleManager: Shutting down and abandoning module TextureAlignMode (166)
[2015.04.16-03.33.00:445][375]LogModuleManager: Shutting down and abandoning module BspMode (165)
[2015.04.16-03.33.00:445][375]LogModuleManager: Shutting down and abandoning module PlacementMode (164)
[2015.04.16-03.33.00:445][375]LogModuleManager: Shutting down and abandoning module AutomationWorker (163)
[2015.04.16-03.33.00:445][375]LogModuleManager: Shutting down and abandoning module CharacterAI (162)
[2015.04.16-03.33.00:445][375]LogModuleManager: Shutting down and abandoning module SmartSnapping (161)
[2015.04.16-03.33.00:445][375]LogModuleManager: Shutting down and abandoning module ViewportSnapping (160)
[2015.04.16-03.33.00:445][375]LogModuleManager: Shutting down and abandoning module LogVisualizer (159)
[2015.04.16-03.33.00:445][375]LogModuleManager: Shutting down and abandoning module GameProjectGeneration (158)
[2015.04.16-03.33.00:445][375]LogModuleManager: Shutting down and abandoning module IntroTutorials (157)
[2015.04.16-03.33.00:445][375]LogModuleManager: Shutting down and abandoning module EditorLiveStreaming (156)
[2015.04.16-03.33.00:445][375]LogModuleManager: Shutting down and abandoning module HardwareTargeting (155)
[2015.04.16-03.33.00:445][375]LogModuleManager: Shutting down and abandoning module DeviceProfileEditor (154)
[2015.04.16-03.33.00:445][375]LogModuleManager: Shutting down and abandoning module UndoHistory (153)
[2015.04.16-03.33.00:445][375]LogModuleManager: Shutting down and abandoning module GameplayTagsEditor (152)
[2015.04.16-03.33.00:445][375]LogModuleManager: Shutting down and abandoning module UserFeedback (151)
[2015.04.16-03.33.00:445][375]LogModuleManager: Shutting down and abandoning module XmlParser (150)
[2015.04.16-03.33.00:446][375]LogModuleManager: Shutting down and abandoning module Blutility (149)
[2015.04.16-03.33.00:446][375]LogModuleManager: Shutting down and abandoning module IOSPlatformEditor (148)
[2015.04.16-03.33.00:446][375]LogModuleManager: Shutting down and abandoning module IOSRuntimeSettings (147)
[2015.04.16-03.33.00:446][375]LogModuleManager: Shutting down and abandoning module AndroidDeviceDetection (146)
[2015.04.16-03.33.00:612][375]LogModuleManager: Shutting down and abandoning module AndroidPlatformEditor (145)
[2015.04.16-03.33.00:612][375]LogModuleManager: Shutting down and abandoning module AndroidRuntimeSettings (144)
[2015.04.16-03.33.00:612][375]LogModuleManager: Shutting down and abandoning module ProjectTargetPlatformEditor (143)
[2015.04.16-03.33.00:613][375]LogModuleManager: Shutting down and abandoning module ProjectSettingsViewer (142)
[2015.04.16-03.33.00:614][375]LogModuleManager: Shutting down and abandoning module InputBindingEditor (141)
[2015.04.16-03.33.00:615][375]LogModuleManager: Shutting down and abandoning module EditorSettingsViewer (140)
[2015.04.16-03.33.00:615][375]LogModuleManager: Shutting down and abandoning module SettingsEditor (139)
[2015.04.16-03.33.00:615][375]LogModuleManager: Shutting down and abandoning module ProjectLauncher (138)
[2015.04.16-03.33.00:615][375]LogModuleManager: Shutting down and abandoning module SessionFrontend (137)
[2015.04.16-03.33.00:615][375]LogModuleManager: Shutting down and abandoning module ProfilerClient (136)
[2015.04.16-03.33.00:615][375]LogModuleManager: Shutting down and abandoning module TargetDeviceServices (135)
[2015.04.16-03.33.00:615][375]LogModuleManager: Shutting down and abandoning module DeviceManager (134)
[2015.04.16-03.33.00:616][375]LogModuleManager: Shutting down and abandoning module AutomationController (133)
[2015.04.16-03.33.00:616][375]LogModuleManager: Shutting down and abandoning module AutomationWindow (132)
[2015.04.16-03.33.00:616][375]LogModuleManager: Shutting down and abandoning module Layers (131)
[2015.04.16-03.33.00:617][375]LogModuleManager: Shutting down and abandoning module ComponentVisualizers (130)
[2015.04.16-03.33.00:617][375]LogModuleManager: Shutting down and abandoning module DetailCustomizations (129)
[2015.04.16-03.33.00:617][375]LogModuleManager: Shutting down and abandoning module PackagesDialog (128)
[2015.04.16-03.33.00:617][375]LogModuleManager: Shutting down and abandoning module AssetRegistry (127)
[2015.04.16-03.33.00:735][375]LogModuleManager: Shutting down and abandoning module Persona (126)
[2015.04.16-03.33.00:735][375]LogModuleManager: Shutting down and abandoning module SlateReflector (125)
[2015.04.16-03.33.00:735][375]LogModuleManager: Shutting down and abandoning module LevelEditor (124)
[2015.04.16-03.33.00:738][375]LogModuleManager: Shutting down and abandoning module Kismet (123)
[2015.04.16-03.33.00:738][375]LogModuleManager: Shutting down and abandoning module GraphEditor (122)
[2015.04.16-03.33.00:738][375]LogModuleManager: Shutting down and abandoning module ClassViewer (121)
[2015.04.16-03.33.00:738][375]LogModuleManager: Shutting down and abandoning module Toolbox (120)
[2015.04.16-03.33.00:738][375]LogModuleManager: Shutting down and abandoning module ModuleUI (119)
[2015.04.16-03.33.00:738][375]LogModuleManager: Shutting down and abandoning module MovieSceneTools (118)
[2015.04.16-03.33.00:738][375]LogModuleManager: Shutting down and abandoning module OutputLog (117)
[2015.04.16-03.33.00:738][375]LogModuleManager: Shutting down and abandoning module GammaUI (116)
[2015.04.16-03.33.00:738][375]LogModuleManager: Shutting down and abandoning module Documentation (115)
[2015.04.16-03.33.00:738][375]LogModuleManager: Shutting down and abandoning module GameLiveStreaming (114)
[2015.04.16-03.33.00:738][375]LogModuleManager: Shutting down and abandoning module StreamingPauseRendering (113)
[2015.04.16-03.33.00:738][375]LogModuleManager: Shutting down and abandoning module HTTP (112)
[2015.04.16-03.33.00:739][375]LogModuleManager: Shutting down and abandoning module AnalyticsET (111)
[2015.04.16-03.33.00:739][375]LogModuleManager: Shutting down and abandoning module Analytics (110)
[2015.04.16-03.33.00:739][375]LogModuleManager: Shutting down and abandoning module AITestSuite (109)
[2015.04.16-03.33.00:739][375]LogModuleManager: Shutting down and abandoning module GameplayDebugger (108)
[2015.04.16-03.33.00:739][375]LogModuleManager: Shutting down and abandoning module AIModule (107)
[2015.04.16-03.33.00:739][375]LogModuleManager: Shutting down and abandoning module ProfilerService (106)
[2015.04.16-03.33.00:794][375]LogModuleManager: Shutting down and abandoning module TaskGraph (105)
[2015.04.16-03.33.00:794][375]LogModuleManager: Shutting down and abandoning module SlateRemote (104)
[2015.04.16-03.33.00:794][375]LogModuleManager: Shutting down and abandoning module ScriptEditorPlugin (103)
[2015.04.16-03.33.00:794][375]LogModuleManager: Shutting down and abandoning module CustomMeshComponent (102)
[2015.04.16-03.33.00:795][375]LogModuleManager: Shutting down and abandoning module CableComponent (101)
[2015.04.16-03.33.00:795][375]LogModuleManager: Shutting down and abandoning module MessagingDebugger (100)
[2015.04.16-03.33.00:795][375]LogModuleManager: Shutting down and abandoning module MediaPlayerEditor (99)
[2015.04.16-03.33.00:795][375]LogModuleManager: Shutting down and abandoning module SpeedTreeImporter (98)
[2015.04.16-03.33.00:795][375]LogModuleManager: Shutting down and abandoning module PluginsEditor (97)
[2015.04.16-03.33.00:795][375]LogModuleManager: Shutting down and abandoning module MainFrame (96)
[2015.04.16-03.33.00:795][375]LogModuleManager: Shutting down and abandoning module EpicSurvey (95)
[2015.04.16-03.33.00:795][375]LogModuleManager: Shutting down and abandoning module DesktopPlatform (94)
[2015.04.16-03.33.00:795][375]LogModuleManager: Shutting down and abandoning module DirectoryWatcher (93)
[2015.04.16-03.33.00:796][375]LogModuleManager: Shutting down and abandoning module HotReload (92)
[2015.04.16-03.33.00:796][375]LogModuleManager: Shutting down and abandoning module VisualStudioSourceCodeAccess (91)
[2015.04.16-03.33.00:796][375]LogModuleManager: Shutting down and abandoning module UObjectPlugin (90)
[2015.04.16-03.33.00:796][375]LogModuleManager: Shutting down and abandoning module SubversionSourceControl (89)
[2015.04.16-03.33.00:797][375]LogModuleManager: Shutting down and abandoning module PerforceSourceControl (88)
[2015.04.16-03.33.00:797][375]LogModuleManager: Shutting down and abandoning module SourceControl (87)
[2015.04.16-03.33.00:797][375]LogModuleManager: Shutting down and abandoning module GitSourceControl (86)
[2015.04.16-03.33.00:797][375]LogModuleManager: Shutting down and abandoning module BlankPlugin (85)
[2015.04.16-03.33.00:797][375]LogModuleManager: Shutting down and abandoning module PaperTiledImporter (84)
[2015.04.16-03.33.00:797][375]LogModuleManager: Shutting down and abandoning module PaperJsonImporter (83)
[2015.04.16-03.33.00:797][375]LogModuleManager: Shutting down and abandoning module ContentBrowser (82)
[2015.04.16-03.33.00:799][375]LogModuleManager: Shutting down and abandoning module Paper2DEditor (81)
[2015.04.16-03.33.00:799][375]LogModuleManager: Shutting down and abandoning module ScriptPlugin (80)
[2015.04.16-03.33.00:799][375]LogModuleManager: Shutting down and abandoning module UdpMessaging (79)
[2015.04.16-03.33.00:901][375]LogModuleManager: Shutting down and abandoning module Paper2D (78)
[2015.04.16-03.33.00:901][375]LogModuleManager: Shutting down and abandoning module WindowsMoviePlayer (77)
[2015.04.16-03.33.00:908][375]LogModuleManager: Shutting down and abandoning module Media (76)
[2015.04.16-03.33.00:908][375]LogModuleManager: Shutting down and abandoning module WmfMedia (75)
[2015.04.16-03.33.00:909][375]LogModuleManager: Shutting down and abandoning module OnlineBlueprintSupport (74)
[2015.04.16-03.33.00:909][375]LogModuleManager: Shutting down and abandoning module PropertyEditor (73)
[2015.04.16-03.33.00:909][375]LogModuleManager: Shutting down and abandoning module BehaviorTreeEditor (72)
[2015.04.16-03.33.00:909][375]LogModuleManager: Shutting down and abandoning module FunctionalTesting (71)
[2015.04.16-03.33.00:909][375]LogModuleManager: Shutting down and abandoning module CollisionAnalyzer (70)
[2015.04.16-03.33.00:909][375]LogModuleManager: Shutting down and abandoning module WorkspaceMenuStructure (69)
[2015.04.16-03.33.00:909][375]LogModuleManager: Shutting down and abandoning module MessageLog (68)
[2015.04.16-03.33.00:909][375]LogModuleManager: Shutting down and abandoning module Sequencer (67)
[2015.04.16-03.33.00:909][375]LogModuleManager: Shutting down and abandoning module AssetTools (66)
[2015.04.16-03.33.00:910][375]LogModuleManager: Shutting down and abandoning module UMGEditor (65)
[2015.04.16-03.33.00:910][375]LogModuleManager: Shutting down and abandoning module UMG (64)
[2015.04.16-03.33.00:910][375]LogModuleManager: Shutting down and abandoning module Slate (63)
[2015.04.16-03.33.00:910][375]LogModuleManager: Shutting down and abandoning module EditorStyle (62)
[2015.04.16-03.33.00:923][375]LogModuleManager: Shutting down and abandoning module SessionServices (61)
[2015.04.16-03.33.00:923][375]LogModuleManager: Shutting down and abandoning module SourceCodeAccess (60)
[2015.04.16-03.33.00:923][375]LogModuleManager: Shutting down and abandoning module HeadMountedDisplay (59)
[2015.04.16-03.33.00:923][375]LogModuleManager: Shutting down and abandoning module XAudio2 (58)
[2015.04.16-03.33.00:923][375]LogModuleManager: Shutting down and abandoning module Networking (56)
[2015.04.16-03.33.00:923][375]LogModuleManager: Shutting down and abandoning module Core (55)
[2015.04.16-03.33.00:923][375]LogModuleManager: Shutting down and abandoning module KismetCompiler (54)
[2015.04.16-03.33.00:923][375]LogModuleManager: Shutting down and abandoning module PhysXFormats (53)
[2015.04.16-03.33.00:923][375]LogModuleManager: Shutting down and abandoning module MeshUtilities (52)
[2015.04.16-03.33.00:923][375]LogModuleManager: Shutting down and abandoning module DerivedDataCache (51)
[2015.04.16-03.33.01:104][375]LogDerivedDataCache: Shutdown
[2015.04.16-03.33.01:104][375]LogModuleManager: Shutting down and abandoning module ShaderFormatOpenGL (50)
[2015.04.16-03.33.01:104][375]LogModuleManager: Shutting down and abandoning module ShaderFormatD3D (49)
[2015.04.16-03.33.01:104][375]LogModuleManager: Shutting down and abandoning module MetalShaderFormat (48)
[2015.04.16-03.33.01:104][375]LogModuleManager: Shutting down and abandoning module TextureFormatUncompressed (47)
[2015.04.16-03.33.01:104][375]LogModuleManager: Shutting down and abandoning module TextureFormatPVR (46)
[2015.04.16-03.33.01:104][375]LogModuleManager: Shutting down and abandoning module TextureFormatIntelISPCTexComp (45)
[2015.04.16-03.33.01:104][375]LogModuleManager: Shutting down and abandoning module TextureFormatDXT (44)
[2015.04.16-03.33.01:104][375]LogModuleManager: Shutting down and abandoning module ImageWrapper (43)
[2015.04.16-03.33.01:104][375]LogModuleManager: Shutting down and abandoning module TextureFormatASTC (42)
[2015.04.16-03.33.01:104][375]LogModuleManager: Shutting down and abandoning module TextureFormatAndroid (41)
[2015.04.16-03.33.01:104][375]LogModuleManager: Shutting down and abandoning module AudioFormatOpus (40)
[2015.04.16-03.33.01:104][375]LogModuleManager: Shutting down and abandoning module AudioFormatOgg (39)
[2015.04.16-03.33.01:104][375]LogModuleManager: Shutting down and abandoning module AudioFormatADPCM (38)
[2015.04.16-03.33.01:104][375]LogModuleManager: Shutting down and abandoning module LinuxTargetPlatform (37)
[2015.04.16-03.33.01:105][375]LogModuleManager: Shutting down and abandoning module LinuxServerTargetPlatform (36)
[2015.04.16-03.33.01:105][375]LogModuleManager: Shutting down and abandoning module LinuxNoEditorTargetPlatform (35)
[2015.04.16-03.33.01:105][375]LogModuleManager: Shutting down and abandoning module Messaging (34)
[2015.04.16-03.33.01:105][375]LogModuleManager: Shutting down and abandoning module IOSTargetPlatform (33)
[2015.04.16-03.33.01:105][375]LogModuleManager: Shutting down and abandoning module HTML5TargetPlatform (32)
[2015.04.16-03.33.01:105][375]LogModuleManager: Shutting down and abandoning module Android_PVRTCTargetPlatform (31)
[2015.04.16-03.33.01:105][375]LogModuleManager: Shutting down and abandoning module Android_ETC2TargetPlatform (30)
[2015.04.16-03.33.01:105][375]LogModuleManager: Shutting down and abandoning module Android_ETC1TargetPlatform (29)
[2015.04.16-03.33.01:105][375]LogModuleManager: Shutting down and abandoning module Android_ES31TargetPlatform (28)
[2015.04.16-03.33.01:105][375]LogModuleManager: Shutting down and abandoning module Android_DXTTargetPlatform (27)
[2015.04.16-03.33.01:105][375]LogModuleManager: Shutting down and abandoning module Android_ATCTargetPlatform (26)
[2015.04.16-03.33.01:105][375]LogModuleManager: Shutting down and abandoning module AndroidTargetPlatform (25)
[2015.04.16-03.33.01:105][375]LogModuleManager: Shutting down and abandoning module WindowsTargetPlatform (24)
[2015.04.16-03.33.01:105][375]LogModuleManager: Shutting down and abandoning module WindowsServerTargetPlatform (23)
[2015.04.16-03.33.01:105][375]LogModuleManager: Shutting down and abandoning module WindowsNoEditorTargetPlatform (22)
[2015.04.16-03.33.01:105][375]LogModuleManager: Shutting down and abandoning module WindowsClientTargetPlatform (21)
[2015.04.16-03.33.01:105][375]LogModuleManager: Shutting down and abandoning module TargetPlatform (20)
[2015.04.16-03.33.01:105][375]LogModuleManager: Shutting down and abandoning module InputCore (19)
[2015.04.16-03.33.01:105][375]LogModuleManager: Shutting down and abandoning module Settings (18)
[2015.04.16-03.33.01:106][375]LogModuleManager: Shutting down and abandoning module OnlineSubsystem (16)
[2015.04.16-03.33.01:106][375]LogModuleManager: Shutting down and abandoning module OculusRift (15)
[2015.04.16-03.33.01:106][375]LogModuleManager: Shutting down and abandoning module ExampleDeviceProfileSelector (14)
[2015.04.16-03.33.01:106][375]LogModuleManager: Shutting down and abandoning module TextureCompressor (13)
[2015.04.16-03.33.01:106][375]LogModuleManager: Shutting down and abandoning module ShaderCore (12)
[2015.04.16-03.33.01:106][375]LogModuleManager: Shutting down and abandoning module Landscape (11)
[2015.04.16-03.33.01:106][375]LogModuleManager: Shutting down and abandoning module SlateRHIRenderer (10)
[2015.04.16-03.33.01:108][375]LogModuleManager: Shutting down and abandoning module OpenGLDrv (9)
[2015.04.16-03.33.01:109][375]LogModuleManager: Shutting down and abandoning module D3D11RHI (8)
[2015.04.16-03.33.01:109][375]LogModuleManager: Shutting down and abandoning module Renderer (7)
[2015.04.16-03.33.01:109][375]LogModuleManager: Shutting down and abandoning module Engine (6)
[2015.04.16-03.33.01:109][375]LogModuleManager: Shutting down and abandoning module CoreUObject (5)
[2015.04.16-03.33.01:109][375]LogModuleManager: Shutting down and abandoning module NetworkFile (4)
[2015.04.16-03.33.01:109][375]LogModuleManager: Shutting down and abandoning module StreamingFile (3)
[2015.04.16-03.33.01:109][375]LogModuleManager: Shutting down and abandoning module SandboxFile (2)
[2015.04.16-03.33.01:109][375]LogModuleManager: Shutting down and abandoning module PakFile (1)
[2015.04.16-03.33.01:110][375]LogExit: Exiting.
[2015.04.16-03.33.01:125][375]Log file closed, 04/15/15 20:33:01
